# JRE version: OpenJDK Runtime Environment Temurin-17.0.19+10 (17.0.19+10) (build 17.0.19+10)
# Java VM: OpenJDK 64-Bit Server VM Temurin-17.0.19+10 (17.0.19+10, mixed mode, sharing, tiered, compressed oops, compressed class ptrs, g1 gc, windows-amd64)
GC Precious Log:
 CPUs: 4 total, 4 available
 Memory: 8067M
 Large Page Support: Disabled
 NUMA Support: Disabled
 Compressed Oops: Enabled (32-bit)
 Heap Region Size: 1M
 Heap Min Capacity: 8M
 Heap Initial Capacity: 128M
 Heap Max Capacity: 1G
 Pre-touch: Disabled
 Parallel Workers: 4
 Concurrent Workers: 1
 Concurrent Refinement Workers: 4
 Periodic GC: Disabled
Heap:
 garbage-first heap   total 285696K, used 242629K [0x00000000c0000000, 0x0000000100000000)
  region size 1024K, 164 young (167936K), 9 survivors (9216K)
 Metaspace       used 145624K, committed 147264K, reserved 1179648K
  class space    used 17531K, committed 18304K, reserved 1048576K
GC Heap History (20 events):
Event: 37.296 GC heap before
{Heap before GC invocations=75 (full 0):
 garbage-first heap   total 285696K, used 210356K [0x00000000c0000000, 0x0000000100000000)
  region size 1024K, 83 young (84992K), 10 survivors (10240K)
 Metaspace       used 133850K, committed 135296K, reserved 1179648K
  class space    used 16275K, committed 16960K, reserved 1048576K
}
Event: 37.304 GC heap after
{Heap after GC invocations=76 (full 0):
 garbage-first heap   total 285696K, used 70258K [0x00000000c0000000, 0x0000000100000000)
  region size 1024K, 7 young (7168K), 7 survivors (7168K)
 Metaspace       used 133850K, committed 135296K, reserved 1179648K
  class space    used 16275K, committed 16960K, reserved 1048576K
}
Event: 37.853 GC heap before
{Heap before GC invocations=76 (full 0):
 garbage-first heap   total 285696K, used 203378K [0x00000000c0000000, 0x0000000100000000)
  region size 1024K, 76 young (77824K), 7 survivors (7168K)
 Metaspace       used 133930K, committed 135424K, reserved 1179648K
  class space    used 16279K, committed 16960K, reserved 1048576K
}
Event: 37.866 GC heap after
{Heap after GC invocations=77 (full 0):
 garbage-first heap   total 285696K, used 69178K [0x00000000c0000000, 0x0000000100000000)
  region size 1024K, 6 young (6144K), 6 survivors (6144K)
 Metaspace       used 133930K, committed 135424K, reserved 1179648K
  class space    used 16279K, committed 16960K, reserved 1048576K
}
Event: 38.364 GC heap before
{Heap before GC invocations=77 (full 0):
 garbage-first heap   total 285696K, used 191034K [0x00000000c0000000, 0x0000000100000000)
  region size 1024K, 64 young (65536K), 6 survivors (6144K)
 Metaspace       used 134180K, committed 135616K, reserved 1179648K
  class space    used 16279K, committed 16960K, reserved 1048576K
}
Event: 38.372 GC heap after
{Heap after GC invocations=78 (full 0):
 garbage-first heap   total 285696K, used 69626K [0x00000000c0000000, 0x0000000100000000)
  region size 1024K, 6 young (6144K), 6 survivors (6144K)
 Metaspace       used 134180K, committed 135616K, reserved 1179648K
  class space    used 16279K, committed 16960K, reserved 1048576K
}
Event: 38.928 GC heap before
{Heap before GC invocations=78 (full 0):
 garbage-first heap   total 285696K, used 201722K [0x00000000c0000000, 0x0000000100000000)
  region size 1024K, 74 young (75776K), 6 survivors (6144K)
 Metaspace       used 134237K, committed 135680K, reserved 1179648K
  class space    used 16279K, committed 16960K, reserved 1048576K
}
Event: 38.936 GC heap after
{Heap after GC invocations=79 (full 0):
 garbage-first heap   total 285696K, used 70170K [0x00000000c0000000, 0x0000000100000000)
  region size 1024K, 6 young (6144K), 6 survivors (6144K)
 Metaspace       used 134237K, committed 135680K, reserved 1179648K
  class space    used 16279K, committed 16960K, reserved 1048576K
}
Event: 39.411 GC heap before
{Heap before GC invocations=79 (full 0):
 garbage-first heap   total 285696K, used 188954K [0x00000000c0000000, 0x0000000100000000)
  region size 1024K, 63 young (64512K), 6 survivors (6144K)
 Metaspace       used 134336K, committed 135808K, reserved 1179648K
  class space    used 16279K, committed 16960K, reserved 1048576K
}
Event: 39.419 GC heap after
{Heap after GC invocations=80 (full 0):
 garbage-first heap   total 285696K, used 71288K [0x00000000c0000000, 0x0000000100000000)
  region size 1024K, 7 young (7168K), 7 survivors (7168K)
 Metaspace       used 134336K, committed 135808K, reserved 1179648K
  class space    used 16279K, committed 16960K, reserved 1048576K
}
Event: 39.887 GC heap before
{Heap before GC invocations=80 (full 0):
 garbage-first heap   total 285696K, used 187000K [0x00000000c0000000, 0x0000000100000000)
  region size 1024K, 64 young (65536K), 7 survivors (7168K)
 Metaspace       used 134424K, committed 135872K, reserved 1179648K
  class space    used 16279K, committed 16960K, reserved 1048576K
}
Event: 39.896 GC heap after
{Heap after GC invocations=81 (full 0):
 garbage-first heap   total 285696K, used 71288K [0x00000000c0000000, 0x0000000100000000)
  region size 1024K, 7 young (7168K), 7 survivors (7168K)
 Metaspace       used 134424K, committed 135872K, reserved 1179648K
  class space    used 16279K, committed 16960K, reserved 1048576K
}
Event: 40.313 GC heap before
{Heap before GC invocations=81 (full 0):
 garbage-first heap   total 285696K, used 184952K [0x00000000c0000000, 0x0000000100000000)
  region size 1024K, 62 young (63488K), 7 survivors (7168K)
 Metaspace       used 134489K, committed 135936K, reserved 1179648K
  class space    used 16279K, committed 16960K, reserved 1048576K
}
Event: 40.323 GC heap after
{Heap after GC invocations=82 (full 0):
 garbage-first heap   total 285696K, used 72123K [0x00000000c0000000, 0x0000000100000000)
  region size 1024K, 8 young (8192K), 8 survivors (8192K)
 Metaspace       used 134489K, committed 135936K, reserved 1179648K
  class space    used 16279K, committed 16960K, reserved 1048576K
}
Event: 40.718 GC heap before
{Heap before GC invocations=82 (full 0):
 garbage-first heap   total 285696K, used 189883K [0x00000000c0000000, 0x0000000100000000)
  region size 1024K, 64 young (65536K), 8 survivors (8192K)
 Metaspace       used 134579K, committed 136000K, reserved 1179648K
  class space    used 16286K, committed 16960K, reserved 1048576K
}
Event: 40.728 GC heap after
{Heap after GC invocations=83 (full 0):
 garbage-first heap   total 285696K, used 72594K [0x00000000c0000000, 0x0000000100000000)
  region size 1024K, 8 young (8192K), 8 survivors (8192K)
 Metaspace       used 134579K, committed 136000K, reserved 1179648K
  class space    used 16286K, committed 16960K, reserved 1048576K
}
Event: 43.735 GC heap before
{Heap before GC invocations=83 (full 0):
 garbage-first heap   total 285696K, used 230290K [0x00000000c0000000, 0x0000000100000000)
  region size 1024K, 103 young (105472K), 8 survivors (8192K)
 Metaspace       used 141098K, committed 142592K, reserved 1179648K
  class space    used 16963K, committed 17664K, reserved 1048576K
}
Event: 43.749 GC heap after
{Heap after GC invocations=84 (full 0):
 garbage-first heap   total 285696K, used 72419K [0x00000000c0000000, 0x0000000100000000)
  region size 1024K, 8 young (8192K), 8 survivors (8192K)
 Metaspace       used 141098K, committed 142592K, reserved 1179648K
  class space    used 16963K, committed 17664K, reserved 1048576K
}
Event: 78.838 GC heap before
{Heap before GC invocations=84 (full 0):
 garbage-first heap   total 285696K, used 238307K [0x00000000c0000000, 0x0000000100000000)
  region size 1024K, 167 young (171008K), 8 survivors (8192K)
 Metaspace       used 144992K, committed 146560K, reserved 1179648K
  class space    used 17488K, committed 18240K, reserved 1048576K
}
Event: 78.853 GC heap after
{Heap after GC invocations=85 (full 0):
 garbage-first heap   total 285696K, used 73669K [0x00000000c0000000, 0x0000000100000000)
  region size 1024K, 9 young (9216K), 9 survivors (9216K)
 Metaspace       used 144992K, committed 146560K, reserved 1179648K
  class space    used 17488K, committed 18240K, reserved 1048576K
}

